<?xml version="1.0" encoding="UTF-8"?>
<!-- Generated by org.testng.reporters.JUnitReportReporter -->
<testsuite hostname="DESKTOP-MQT2582" failures="0" tests="1" name="pooja.firsttest" time="15.017" errors="0" timestamp="2024-01-04T11:28:11 IST" skipped="0">
  <testcase classname="pooja.firsttest" name="pooja" time="15.017"/>
  <system-out/>
</testsuite> <!-- pooja.firsttest -->
