<?xml version="1.0" encoding="UTF-8"?>
<!-- Generated by org.testng.reporters.JUnitReportReporter -->
<testsuite hostname="DESKTOP-MQT2582" failures="0" tests="1" name="TestNG" time="0.019" errors="0" timestamp="2024-01-04T09:35:10 IST" skipped="0">
  <testcase classname="TestNG" name="seturl" time="0.019"/>
</testsuite> <!-- TestNG -->
