<?xml version="1.0" encoding="UTF-8"?>
<!-- Generated by org.testng.reporters.JUnitReportReporter -->
<testsuite hostname="DESKTOP-MQT2582" failures="0" tests="3" name="datadrentesting.DataProviders" time="0.013" errors="0" timestamp="2024-01-03T16:37:44 IST" skipped="0">
  <testcase classname="datadrentesting.DataProviders" name="datafortickets" time="0.001"/>
  <testcase classname="datadrentesting.DataProviders" name="datafortickets" time="0.010"/>
  <testcase classname="datadrentesting.DataProviders" name="datafortickets" time="0.002"/>
</testsuite> <!-- datadrentesting.DataProviders -->
